Watching for file changes with StatReloader
Performing system checks...

System check identified some issues:

WARNINGS:
todos.Todo: (models.W042) Auto-created primary key used when not defining a primary key type, by default 'django.db.models.AutoField'.
	HINT: Configure the DEFAULT_AUTO_FIELD setting or the TodosConfig.default_auto_field attribute to point to a subclass of AutoField, e.g. 'django.db.models.BigAutoField'.

System check identified 1 issue (0 silenced).
July 03, 2023 - 12:33:05
Django version 4.2.2, using settings 'todoApp.settings'
Starting development server at http://0.0.0.0:8001/
Quit the server with CONTROL-C.

[03/Jul/2023 12:33:11] "GET / HTTP/1.1" 302 0
[03/Jul/2023 12:33:36] "GET / HTTP/1.1" 302 0
[03/Jul/2023 12:33:36] "GET /todos HTTP/1.1" 301 0
[03/Jul/2023 12:33:36] "GET /todos/ HTTP/1.1" 200 2328
[03/Jul/2023 12:33:37] "GET /static/css/style.css HTTP/1.1" 200 225
Not Found: /favicon.ico
[03/Jul/2023 12:33:38] "GET /favicon.ico HTTP/1.1" 404 2573
Watching for file changes with StatReloader
Performing system checks...

System check identified some issues:

WARNINGS:
todos.Todo: (models.W042) Auto-created primary key used when not defining a primary key type, by default 'django.db.models.AutoField'.
	HINT: Configure the DEFAULT_AUTO_FIELD setting or the TodosConfig.default_auto_field attribute to point to a subclass of AutoField, e.g. 'django.db.models.BigAutoField'.

System check identified 1 issue (0 silenced).
July 03, 2023 - 12:35:37
Django version 4.2.2, using settings 'todoApp.settings'
Starting development server at http://0.0.0.0:8001/
Quit the server with CONTROL-C.

Watching for file changes with StatReloader
Performing system checks...

System check identified some issues:

WARNINGS:
todos.Todo: (models.W042) Auto-created primary key used when not defining a primary key type, by default 'django.db.models.AutoField'.
	HINT: Configure the DEFAULT_AUTO_FIELD setting or the TodosConfig.default_auto_field attribute to point to a subclass of AutoField, e.g. 'django.db.models.BigAutoField'.

System check identified 1 issue (0 silenced).
July 03, 2023 - 12:35:51
Django version 4.2.2, using settings 'todoApp.settings'
Starting development server at http://0.0.0.0:8001/
Quit the server with CONTROL-C.

[03/Jul/2023 12:36:03] "GET / HTTP/1.1" 302 0
[03/Jul/2023 12:36:03] "GET /todos/ HTTP/1.1" 200 2328
